[debug] [2021-06-08T14:15:20.429Z] ----------------------------------------------------------------------
[debug] [2021-06-08T14:15:20.432Z] Command:       C:\Program Files\nodejs\node.exe C:\Users\omadd\AppData\Roaming\npm\node_modules\firebase-tools\lib\bin\firebase.js init
[debug] [2021-06-08T14:15:20.433Z] CLI Version:   9.12.1
[debug] [2021-06-08T14:15:20.433Z] Platform:      win32
[debug] [2021-06-08T14:15:20.433Z] Node Version:  v14.16.0
[debug] [2021-06-08T14:15:20.435Z] Time:          Tue Jun 08 2021 19:45:20 GMT+0530 (India Standard Time)
[debug] [2021-06-08T14:15:20.435Z] ----------------------------------------------------------------------
[debug] 
[debug] [2021-06-08T14:15:20.446Z] > command requires scopes: ["email","openid","https://www.googleapis.com/auth/cloudplatformprojects.readonly","https://www.googleapis.com/auth/firebase","https://www.googleapis.com/auth/cloud-platform"]
[debug] [2021-06-08T14:15:20.446Z] > authorizing via signed-in user (omadde40@gmail.com)
[info] 
     ######## #### ########  ######## ########     ###     ######  ########
     ##        ##  ##     ## ##       ##     ##  ##   ##  ##       ##
     ######    ##  ########  ######   ########  #########  ######  ######
     ##        ##  ##    ##  ##       ##     ## ##     ##       ## ##
     ##       #### ##     ## ######## ########  ##     ##  ######  ########

You're about to initialize a Firebase project in this directory:

  C:\Users\omadd\Desktop\votingsystem

Before we get started, keep in mind:

  * You are initializing in an existing Firebase project directory

[info] 
=== Project Setup
[info] 
[info] First, let's associate this project directory with a Firebase project.
[info] You can create multiple project aliases by running firebase use --add, 
[info] but for now we'll just set up a default project.
[info] 
[info] i  .firebaserc already has a default project, using voting-system-25f69. 
[debug] [2021-06-08T14:15:24.156Z] >>> [apiv2][query] GET https://firebase.googleapis.com/v1beta1/projects/voting-system-25f69 [none]
[debug] [2021-06-08T14:15:54.166Z] Timeout reached making request to https://firebase.googleapis.com/v1beta1/projects/voting-system-25f69
[debug] [2021-06-08T14:15:54.169Z] FirebaseError: Timeout reached making request to https://firebase.googleapis.com/v1beta1/projects/voting-system-25f69
    at Client.doRequest (C:\Users\omadd\AppData\Roaming\npm\node_modules\firebase-tools\lib\apiv2.js:209:23)
    at processTicksAndRejections (internal/process/task_queues.js:93:5)
    at async Client.request (C:\Users\omadd\AppData\Roaming\npm\node_modules\firebase-tools\lib\apiv2.js:96:20)
    at async Object.getFirebaseProject (C:\Users\omadd\AppData\Roaming\npm\node_modules\firebase-tools\lib\management\projects.js:290:21)
    at async Object.doSetup [as project] (C:\Users\omadd\AppData\Roaming\npm\node_modules\firebase-tools\lib\init\features\project.js:77:27)
    at async init (C:\Users\omadd\AppData\Roaming\npm\node_modules\firebase-tools\lib\init\index.js:19:9)
[error] 
[error] Error: Failed to get Firebase project voting-system-25f69. Please make sure the project exists and your account has permission to access it.
